<?xml version="1.0" encoding="UTF-8"?>
<!-- Generated by org.testng.reporters.JUnitXMLReporter -->
<testsuite hostname="LENOVO" ignored="0" name="Default test" tests="5" failures="0" timestamp="05 Aug 2019 03:24:05 GMT" time="10.094" errors="0">
  <testcase name="testSearchProduct" time="2.023" classname="unicodeTech.TestSuiteC.SearchProduct"/>
  <testcase name="testSearchProduct" time="1.705" classname="unicodeTech.TestSuiteC.SearchProduct"/>
  <testcase name="testSearchProduct" time="1.685" classname="unicodeTech.TestSuiteC.SearchProduct"/>
  <testcase name="testSearchProduct" time="1.842" classname="unicodeTech.TestSuiteC.SearchProduct"/>
  <testcase name="testSearchProduct" time="2.798" classname="unicodeTech.TestSuiteC.SearchProduct"/>
</testsuite> <!-- Default test -->
