<?xml version="1.0" encoding="UTF-8"?>
<!-- Generated by org.testng.reporters.JUnitXMLReporter -->
<testsuite hostname="LENOVO" ignored="0" name="Validate User Test" tests="3" failures="0" timestamp="05 Aug 2019 03:03:26 GMT" time="23.114" errors="0">
  <testcase name="testValidateUser" time="10.238" classname="unicodeTech.TestSuiteA.ValidateUser"/>
  <testcase name="testValidateUser" time="7.119" classname="unicodeTech.TestSuiteA.ValidateUser"/>
  <testcase name="testValidateUser" time="5.71" classname="unicodeTech.TestSuiteA.ValidateUser"/>
</testsuite> <!-- Validate User Test -->
