<?xml version="1.0" encoding="UTF-8"?>
<!-- Generated by org.testng.reporters.JUnitXMLReporter -->
<testsuite hostname="LENOVO" ignored="0" name="Search Product" tests="5" failures="0" timestamp="05 Aug 2019 03:00:21 GMT" time="7.057" errors="0">
  <testcase name="testSearchProduct" time="1.238" classname="unicodeTech.TestSuiteC.SearchProduct"/>
  <testcase name="testSearchProduct" time="1.212" classname="unicodeTech.TestSuiteC.SearchProduct"/>
  <testcase name="testSearchProduct" time="1.474" classname="unicodeTech.TestSuiteC.SearchProduct"/>
  <testcase name="testSearchProduct" time="1.255" classname="unicodeTech.TestSuiteC.SearchProduct"/>
  <testcase name="testSearchProduct" time="1.865" classname="unicodeTech.TestSuiteC.SearchProduct"/>
</testsuite> <!-- Search Product -->
